CRITICAL - 2024-11-28 22:52:47 --> ErrorException: Array to string conversion
[Method: POST, Route: fornecedores/cadastrar]
in APPPATH\Controllers\FornecedoresController.php on line 59.
 1 APPPATH\Controllers\FornecedoresController.php(59): CodeIgniter\Debug\Exceptions->errorHandler()
 2 SYSTEMPATH\CodeIgniter.php(933): App\Controllers\FornecedoresController->cadastrar()
 3 SYSTEMPATH\CodeIgniter.php(509): CodeIgniter\CodeIgniter->runController()
 4 SYSTEMPATH\CodeIgniter.php(355): CodeIgniter\CodeIgniter->handleRequest()
 5 SYSTEMPATH\Boot.php(325): CodeIgniter\CodeIgniter->run()
 6 SYSTEMPATH\Boot.php(67): CodeIgniter\Boot::runCodeIgniter()
 7 FCPATH\index.php(56): CodeIgniter\Boot::bootWeb()
 8 SYSTEMPATH\rewrite.php(44): require_once('C:\\inetpub\\wwwroot\\codeigniter4-framework-2849e7f\\public\\index.php')
CRITICAL - 2024-11-28 22:54:21 --> Error: Call to undefined method CodeIgniter\HTTP\Response::json()
[Method: POST, Route: fornecedores/cadastrar]
in APPPATH\Controllers\FornecedoresController.php on line 62.
 1 SYSTEMPATH\CodeIgniter.php(933): App\Controllers\FornecedoresController->cadastrar()
 2 SYSTEMPATH\CodeIgniter.php(509): CodeIgniter\CodeIgniter->runController()
 3 SYSTEMPATH\CodeIgniter.php(355): CodeIgniter\CodeIgniter->handleRequest()
 4 SYSTEMPATH\Boot.php(325): CodeIgniter\CodeIgniter->run()
 5 SYSTEMPATH\Boot.php(67): CodeIgniter\Boot::runCodeIgniter()
 6 FCPATH\index.php(56): CodeIgniter\Boot::bootWeb()
 7 SYSTEMPATH\rewrite.php(44): require_once('C:\\inetpub\\wwwroot\\codeigniter4-framework-2849e7f\\public\\index.php')
CRITICAL - 2024-11-28 22:54:45 --> ErrorException: Array to string conversion
[Method: POST, Route: fornecedores/cadastrar]
in APPPATH\Controllers\FornecedoresController.php on line 59.
 1 APPPATH\Controllers\FornecedoresController.php(59): CodeIgniter\Debug\Exceptions->errorHandler()
 2 SYSTEMPATH\CodeIgniter.php(933): App\Controllers\FornecedoresController->cadastrar()
 3 SYSTEMPATH\CodeIgniter.php(509): CodeIgniter\CodeIgniter->runController()
 4 SYSTEMPATH\CodeIgniter.php(355): CodeIgniter\CodeIgniter->handleRequest()
 5 SYSTEMPATH\Boot.php(325): CodeIgniter\CodeIgniter->run()
 6 SYSTEMPATH\Boot.php(67): CodeIgniter\Boot::runCodeIgniter()
 7 FCPATH\index.php(56): CodeIgniter\Boot::bootWeb()
 8 SYSTEMPATH\rewrite.php(44): require_once('C:\\inetpub\\wwwroot\\codeigniter4-framework-2849e7f\\public\\index.php')
CRITICAL - 2024-11-28 22:54:50 --> ErrorException: Array to string conversion
[Method: POST, Route: fornecedores/cadastrar]
in APPPATH\Controllers\FornecedoresController.php on line 59.
 1 APPPATH\Controllers\FornecedoresController.php(59): CodeIgniter\Debug\Exceptions->errorHandler()
 2 SYSTEMPATH\CodeIgniter.php(933): App\Controllers\FornecedoresController->cadastrar()
 3 SYSTEMPATH\CodeIgniter.php(509): CodeIgniter\CodeIgniter->runController()
 4 SYSTEMPATH\CodeIgniter.php(355): CodeIgniter\CodeIgniter->handleRequest()
 5 SYSTEMPATH\Boot.php(325): CodeIgniter\CodeIgniter->run()
 6 SYSTEMPATH\Boot.php(67): CodeIgniter\Boot::runCodeIgniter()
 7 FCPATH\index.php(56): CodeIgniter\Boot::bootWeb()
 8 SYSTEMPATH\rewrite.php(44): require_once('C:\\inetpub\\wwwroot\\codeigniter4-framework-2849e7f\\public\\index.php')
CRITICAL - 2024-11-28 22:54:51 --> ErrorException: Array to string conversion
[Method: POST, Route: fornecedores/cadastrar]
in APPPATH\Controllers\FornecedoresController.php on line 59.
 1 APPPATH\Controllers\FornecedoresController.php(59): CodeIgniter\Debug\Exceptions->errorHandler()
 2 SYSTEMPATH\CodeIgniter.php(933): App\Controllers\FornecedoresController->cadastrar()
 3 SYSTEMPATH\CodeIgniter.php(509): CodeIgniter\CodeIgniter->runController()
 4 SYSTEMPATH\CodeIgniter.php(355): CodeIgniter\CodeIgniter->handleRequest()
 5 SYSTEMPATH\Boot.php(325): CodeIgniter\CodeIgniter->run()
 6 SYSTEMPATH\Boot.php(67): CodeIgniter\Boot::runCodeIgniter()
 7 FCPATH\index.php(56): CodeIgniter\Boot::bootWeb()
 8 SYSTEMPATH\rewrite.php(44): require_once('C:\\inetpub\\wwwroot\\codeigniter4-framework-2849e7f\\public\\index.php')
CRITICAL - 2024-11-28 22:55:11 --> ErrorException: Array to string conversion
[Method: POST, Route: fornecedores/cadastrar]
in APPPATH\Controllers\FornecedoresController.php on line 59.
 1 APPPATH\Controllers\FornecedoresController.php(59): CodeIgniter\Debug\Exceptions->errorHandler()
 2 SYSTEMPATH\CodeIgniter.php(933): App\Controllers\FornecedoresController->cadastrar()
 3 SYSTEMPATH\CodeIgniter.php(509): CodeIgniter\CodeIgniter->runController()
 4 SYSTEMPATH\CodeIgniter.php(355): CodeIgniter\CodeIgniter->handleRequest()
 5 SYSTEMPATH\Boot.php(325): CodeIgniter\CodeIgniter->run()
 6 SYSTEMPATH\Boot.php(67): CodeIgniter\Boot::runCodeIgniter()
 7 FCPATH\index.php(56): CodeIgniter\Boot::bootWeb()
 8 SYSTEMPATH\rewrite.php(44): require_once('C:\\inetpub\\wwwroot\\codeigniter4-framework-2849e7f\\public\\index.php')
CRITICAL - 2024-11-28 23:50:13 --> CodeIgniter\Database\Exceptions\DataException: There is no data to update.
[Method: POST, Route: fornecedores/editar/1]
in SYSTEMPATH\BaseModel.php on line 1833.
 1 SYSTEMPATH\BaseModel.php(1833): CodeIgniter\Database\Exceptions\DataException::forEmptyDataset()
 2 SYSTEMPATH\BaseModel.php(997): CodeIgniter\BaseModel->transformDataToArray()
 3 SYSTEMPATH\Model.php(865): CodeIgniter\BaseModel->update()
 4 APPPATH\Controllers\FornecedoresController.php(90): CodeIgniter\Model->update()
 5 SYSTEMPATH\CodeIgniter.php(933): App\Controllers\FornecedoresController->editar()
 6 SYSTEMPATH\CodeIgniter.php(509): CodeIgniter\CodeIgniter->runController()
 7 SYSTEMPATH\CodeIgniter.php(355): CodeIgniter\CodeIgniter->handleRequest()
 8 SYSTEMPATH\Boot.php(325): CodeIgniter\CodeIgniter->run()
 9 SYSTEMPATH\Boot.php(67): CodeIgniter\Boot::runCodeIgniter()
10 FCPATH\index.php(56): CodeIgniter\Boot::bootWeb()
11 SYSTEMPATH\rewrite.php(44): require_once('C:\\inetpub\\wwwroot\\codeigniter4-framework-2849e7f\\public\\index.php')
